<?xml version="1.0" encoding="UTF-8"?>
<!-- Generated by org.testng.reporters.JUnitReportReporter -->
<testsuite hostname="QSP" failures="0" tests="1" name="scripts.FaceBookLike" time="40.472" errors="0" timestamp="2021-10-19T08:53:09 IST" skipped="0">
  <testcase classname="scripts.FaceBookLike" name="tc2" time="40.472"/>
</testsuite> <!-- scripts.FaceBookLike -->
