<?xml version="1.0" encoding="UTF-8"?>
<!-- Generated by org.testng.reporters.JUnitReportReporter -->
<testsuite hostname="QSP" failures="0" tests="1" name="scripts.AddingTocart" time="24.135" errors="0" timestamp="2021-10-19T08:53:09 IST" skipped="0">
  <testcase classname="scripts.AddingTocart" name="tc1" time="24.135"/>
</testsuite> <!-- scripts.AddingTocart -->
